mode: count
serverless-blog/go-functions/cmd/posts/list/main.go:43.66,45.2 1 0
serverless-blog/go-functions/cmd/posts/list/main.go:69.114,72.21 2 33
serverless-blog/go-functions/cmd/posts/list/main.go:72.21,74.3 1 1
serverless-blog/go-functions/cmd/posts/list/main.go:77.2,78.16 2 32
serverless-blog/go-functions/cmd/posts/list/main.go:78.16,80.3 1 1
serverless-blog/go-functions/cmd/posts/list/main.go:83.2,84.24 2 31
serverless-blog/go-functions/cmd/posts/list/main.go:84.24,86.3 1 1
serverless-blog/go-functions/cmd/posts/list/main.go:89.2,102.16 6 31
serverless-blog/go-functions/cmd/posts/list/main.go:102.16,104.3 1 1
serverless-blog/go-functions/cmd/posts/list/main.go:107.2,111.36 3 30
serverless-blog/go-functions/cmd/posts/list/main.go:111.36,114.3 2 2
serverless-blog/go-functions/cmd/posts/list/main.go:117.2,122.47 2 30
serverless-blog/go-functions/cmd/posts/list/main.go:126.42,127.22 1 31
serverless-blog/go-functions/cmd/posts/list/main.go:127.22,129.3 1 22
serverless-blog/go-functions/cmd/posts/list/main.go:131.2,132.56 2 9
serverless-blog/go-functions/cmd/posts/list/main.go:132.56,134.3 1 4
serverless-blog/go-functions/cmd/posts/list/main.go:136.2,136.21 1 5
serverless-blog/go-functions/cmd/posts/list/main.go:140.71,141.21 1 31
serverless-blog/go-functions/cmd/posts/list/main.go:141.21,143.3 1 26
serverless-blog/go-functions/cmd/posts/list/main.go:146.2,147.16 2 5
serverless-blog/go-functions/cmd/posts/list/main.go:147.16,149.3 1 2
serverless-blog/go-functions/cmd/posts/list/main.go:152.2,153.57 2 3
serverless-blog/go-functions/cmd/posts/list/main.go:153.57,155.3 1 1
serverless-blog/go-functions/cmd/posts/list/main.go:158.2,159.27 2 2
serverless-blog/go-functions/cmd/posts/list/main.go:159.27,160.35 1 5
serverless-blog/go-functions/cmd/posts/list/main.go:160.35,162.4 1 3
serverless-blog/go-functions/cmd/posts/list/main.go:165.2,165.33 1 2
serverless-blog/go-functions/cmd/posts/list/main.go:165.33,167.3 1 1
serverless-blog/go-functions/cmd/posts/list/main.go:169.2,169.26 1 1
serverless-blog/go-functions/cmd/posts/list/main.go:173.142,180.20 2 31
serverless-blog/go-functions/cmd/posts/list/main.go:180.20,189.3 4 4
serverless-blog/go-functions/cmd/posts/list/main.go:189.8,196.3 3 27
serverless-blog/go-functions/cmd/posts/list/main.go:198.2,198.30 1 31
serverless-blog/go-functions/cmd/posts/list/main.go:198.30,200.3 1 1
serverless-blog/go-functions/cmd/posts/list/main.go:202.2,202.19 1 31
serverless-blog/go-functions/cmd/posts/list/main.go:206.86,209.29 2 30
serverless-blog/go-functions/cmd/posts/list/main.go:209.29,211.66 2 7
serverless-blog/go-functions/cmd/posts/list/main.go:211.66,212.12 1 1
serverless-blog/go-functions/cmd/posts/list/main.go:216.3,231.31 2 6
serverless-blog/go-functions/cmd/posts/list/main.go:231.31,233.4 1 1
serverless-blog/go-functions/cmd/posts/list/main.go:234.3,234.36 1 6
serverless-blog/go-functions/cmd/posts/list/main.go:234.36,236.4 1 1
serverless-blog/go-functions/cmd/posts/list/main.go:238.3,238.40 1 6
serverless-blog/go-functions/cmd/posts/list/main.go:241.2,241.15 1 30
serverless-blog/go-functions/cmd/posts/list/main.go:245.72,248.28 2 2
serverless-blog/go-functions/cmd/posts/list/main.go:248.28,249.52 1 6
serverless-blog/go-functions/cmd/posts/list/main.go:249.52,251.4 1 5
serverless-blog/go-functions/cmd/posts/list/main.go:254.2,255.16 2 2
serverless-blog/go-functions/cmd/posts/list/main.go:255.16,257.3 1 0
serverless-blog/go-functions/cmd/posts/list/main.go:259.2,259.53 1 2
serverless-blog/go-functions/cmd/posts/list/main.go:263.92,265.2 1 3
serverless-blog/go-functions/cmd/posts/list/main.go:267.13,269.2 1 0
